\BOOKMARK [1][-]{section.1}{Introduction}{}% 1
\BOOKMARK [1][-]{section.2}{The Compressed Sensing Problem}{}% 2
\BOOKMARK [1][-]{section.3}{Solving Compressed Sensing}{}% 3
\BOOKMARK [2][-]{subsection.3.1}{Matching Pursuit}{section.3}% 4
\BOOKMARK [2][-]{subsection.3.2}{Orthogonal Matching Pursuit}{section.3}% 5
\BOOKMARK [2][-]{subsection.3.3}{Difference-of-Convex Functions Approximation}{section.3}% 6
\BOOKMARK [2][-]{subsection.3.4}{Penalty Decomposition Method}{section.3}% 7
\BOOKMARK [1][-]{section.4}{Results}{}% 8
\BOOKMARK [2][-]{subsection.4.1}{Orthogonal Matching Pursuit}{section.4}% 9
\BOOKMARK [2][-]{subsection.4.2}{Difference-of-Convex Functions Approximation}{section.4}% 10
\BOOKMARK [2][-]{subsection.4.3}{Penalty Decomposition Method}{section.4}% 11
\BOOKMARK [1][-]{section.5}{Analysis}{}% 12
\BOOKMARK [2][-]{subsection.5.1}{Difference-of-Convex Functions Approximation}{section.5}% 13
\BOOKMARK [2][-]{subsection.5.2}{Penalty Decomposition Method}{section.5}% 14
\BOOKMARK [3][-]{subsubsection.5.2.1}{The Algorithm}{subsection.5.2}% 15
\BOOKMARK [3][-]{subsubsection.5.2.2}{Analysis}{subsection.5.2}% 16
\BOOKMARK [3][-]{subsubsection.5.2.3}{Convergence}{subsection.5.2}% 17
\BOOKMARK [1][-]{section.6}{Discussion}{}% 18
\BOOKMARK [2][-]{subsection.6.1}{What is it that SCA considers but OMP ignores?}{section.6}% 19
\BOOKMARK [2][-]{subsection.6.2}{What is it that PD considers but OMP ignores?}{section.6}% 20
\BOOKMARK [1][-]{section.7}{Conclusions and Learning}{}% 21
\BOOKMARK [1][-]{section.8}{Acknowledgments}{}% 22
